synertone/build/outputs/logs/manifest-merger-debug-report.txt
-- Merging decision tree log ---
manifest
ADDED from src\main\AndroidManifest.xml:2:1-610:12
	package
		ADDED from src\main\AndroidManifest.xml:4:5-41
		INJECTED from src\main\AndroidManifest.xml
		INJECTED from src\main\AndroidManifest.xml
	android:versionName
		ADDED from src\main\AndroidManifest.xml:6:5-32
		INJECTED from src\main\AndroidManifest.xml
		INJECTED from src\main\AndroidManifest.xml
	xmlns:tools
		ADDED from src\main\AndroidManifest.xml:3:5-51
	android:versionCode
		ADDED from src\main\AndroidManifest.xml:5:5-29
		INJECTED from src\main\AndroidManifest.xml
		INJECTED from src\main\AndroidManifest.xml
	xmlns:android
		ADDED from src\main\AndroidManifest.xml:2:11-69
uses-sdk
ADDED from src\main\AndroidManifest.xml:8:5-10:41
MERGED from [src-app:ripplelayoutmaster:unspecified] AndroidManifest.xml:7:5-9:41
MERGED from [src-app:slidingmenu_library:unspecified] AndroidManifest.xml:7:5-9:41
MERGED from [com.actionbarsherlock:actionbarsherlock:4.4.0] AndroidManifest.xml:3:3-70
MERGED from [src-app:pullToRefreshLibrary:unspecified] AndroidManifest.xml:7:5-9:41
MERGED from [src-app:viewbguilib:unspecified] AndroidManifest.xml:7:5-9:41
	android:targetSdkVersion
		ADDED from src\main\AndroidManifest.xml:10:9-38
		INJECTED from src\main\AndroidManifest.xml
		INJECTED from src\main\AndroidManifest.xml
	android:minSdkVersion
		ADDED from src\main\AndroidManifest.xml:9:9-35
		INJECTED from src\main\AndroidManifest.xml
		INJECTED from src\main\AndroidManifest.xml
supports-screens
ADDED from src\main\AndroidManifest.xml:11:5-16:40
	android:largeScreens
		ADDED from src\main\AndroidManifest.xml:13:9-36
	android:smallScreens
		ADDED from src\main\AndroidManifest.xml:15:9-36
	android:normalScreens
		ADDED from src\main\AndroidManifest.xml:14:9-37
	android:xlargeScreens
		ADDED from src\main\AndroidManifest.xml:16:9-37
	android:anyDensity
		ADDED from src\main\AndroidManifest.xml:12:9-34
uses-permission#android.permission.INTERNET
ADDED from src\main\AndroidManifest.xml:18:5-67
MERGED from [src-app:initActivity:unspecified] AndroidManifest.xml:8:5-67
	android:name
		ADDED from src\main\AndroidManifest.xml:18:22-64
uses-permission#android.permission.ACCESS_WIFI_STATE
ADDED from src\main\AndroidManifest.xml:19:5-76
	android:name
		ADDED from src\main\AndroidManifest.xml:19:22-73
uses-permission#android.permission.MOUNT_UNMOUNT_FILESYSTEMS
ADDED from src\main\AndroidManifest.xml:20:5-84
	android:name
		ADDED from src\main\AndroidManifest.xml:20:22-81
uses-permission#android.permission.WRITE_EXTERNAL_STORAGE
ADDED from src\main\AndroidManifest.xml:21:5-81
	android:name
		ADDED from src\main\AndroidManifest.xml:21:22-78
uses-permission#android.permission.RECORD_AUDIO
ADDED from src\main\AndroidManifest.xml:22:5-71
	android:name
		ADDED from src\main\AndroidManifest.xml:22:22-68
uses-permission#android.permission.CHANGE_WIFI_STATE
ADDED from src\main\AndroidManifest.xml:23:5-76
	android:name
		ADDED from src\main\AndroidManifest.xml:23:22-73
uses-permission#android.permission.CAMERA
ADDED from src\main\AndroidManifest.xml:24:5-65
	android:name
		ADDED from src\main\AndroidManifest.xml:24:22-62
uses-permission#android.permission.WRITE_SETTINGS
ADDED from src\main\AndroidManifest.xml:25:5-73
	android:name
		ADDED from src\main\AndroidManifest.xml:25:22-70
uses-permission#android.permission.FLASHLIGHT
ADDED from src\main\AndroidManifest.xml:26:5-69
	android:name
		ADDED from src\main\AndroidManifest.xml:26:22-66
uses-permission#android.permission.CHANGE_NETWORK_STATE
ADDED from src\main\AndroidManifest.xml:27:5-79
	android:name
		ADDED from src\main\AndroidManifest.xml:27:22-76
uses-permission#android.permission.INTERACT_ACROSS_USERS_FULL
ADDED from src\main\AndroidManifest.xml:28:5-85
	android:name
		ADDED from src\main\AndroidManifest.xml:28:22-82
uses-permission#android.permission.READ_LOGS
ADDED from src\main\AndroidManifest.xml:29:5-68
	android:name
		ADDED from src\main\AndroidManifest.xml:29:22-65
uses-permission#com.android.launcher.permission.READ_SETTINGS
ADDED from src\main\AndroidManifest.xml:30:5-85
	android:name
		ADDED from src\main\AndroidManifest.xml:30:22-82
uses-permission#android.permission.GET_TASKS
ADDED from src\main\AndroidManifest.xml:31:5-68
	android:name
		ADDED from src\main\AndroidManifest.xml:31:22-65
uses-permission#android.permission.LOCATION_HARDWARE
ADDED from src\main\AndroidManifest.xml:32:5-92
	android:name
		ADDED from src\main\AndroidManifest.xml:32:22-73
uses-permission#android.permission.ACCESS_LOCATION_EXTRA_COMMANDS
ADDED from src\main\AndroidManifest.xml:33:5-105
	android:name
		ADDED from src\main\AndroidManifest.xml:33:22-86
uses-permission#android.permission.ACCESS_COARSE_LOCATION
ADDED from src\main\AndroidManifest.xml:34:5-97
	android:name
		ADDED from src\main\AndroidManifest.xml:34:22-78
uses-permission#android.permission.ACCESS_FINE_LOCATION
ADDED from src\main\AndroidManifest.xml:35:5-79
	android:name
		ADDED from src\main\AndroidManifest.xml:35:22-76
uses-permission#android.permission.READ_CONTACTS
ADDED from src\main\AndroidManifest.xml:37:5-72
	android:name
		ADDED from src\main\AndroidManifest.xml:37:22-69
uses-permission#android.permission.WRITE_CONTACTS
ADDED from src\main\AndroidManifest.xml:38:5-73
	android:name
		ADDED from src\main\AndroidManifest.xml:38:22-70
uses-permission#android.permission.CALL_PHONE
ADDED from src\main\AndroidManifest.xml:40:5-69
	android:name
		ADDED from src\main\AndroidManifest.xml:40:22-66
uses-permission#android.permission.READ_CALL_LOG
ADDED from src\main\AndroidManifest.xml:42:5-72
	android:name
		ADDED from src\main\AndroidManifest.xml:42:22-69
uses-permission#android.permission.WRITE_CALL_LOG
ADDED from src\main\AndroidManifest.xml:43:5-73
	android:name
		ADDED from src\main\AndroidManifest.xml:43:22-70
uses-permission#android.permission.READ_EXTERNAL_STORAGE
ADDED from src\main\AndroidManifest.xml:44:5-80
	android:name
		ADDED from src\main\AndroidManifest.xml:44:22-77
uses-permission#android.permission.WRITE_SMS
ADDED from src\main\AndroidManifest.xml:45:5-68
	android:name
		ADDED from src\main\AndroidManifest.xml:45:22-65
uses-permission#android.permission.GET_ACCOUNTS
ADDED from src\main\AndroidManifest.xml:46:5-71
	android:name
		ADDED from src\main\AndroidManifest.xml:46:22-68
uses-permission#android.permission.READ_PROFILE
ADDED from src\main\AndroidManifest.xml:47:5-71
	android:name
		ADDED from src\main\AndroidManifest.xml:47:22-68
uses-permission#android.permission.READ_PHONE_STATE
ADDED from src\main\AndroidManifest.xml:49:5-75
	android:name
		ADDED from src\main\AndroidManifest.xml:49:22-72
uses-permission#android.permission.ACCESS_NETWORK_STATE
ADDED from src\main\AndroidManifest.xml:50:5-79
MERGED from [src-app:initActivity:unspecified] AndroidManifest.xml:9:5-79
	android:name
		ADDED from src\main\AndroidManifest.xml:50:22-76
uses-permission#android.permission.DISABLE_KEYGUARD
ADDED from src\main\AndroidManifest.xml:52:5-75
	android:name
		ADDED from src\main\AndroidManifest.xml:52:22-72
uses-permission#android.permission.MODIFY_AUDIO_SETTINGS
ADDED from src\main\AndroidManifest.xml:53:5-80
	android:name
		ADDED from src\main\AndroidManifest.xml:53:22-77
uses-permission#android.permission.WAKE_LOCK
ADDED from src\main\AndroidManifest.xml:55:5-68
MERGED from [src-app:initActivity:unspecified] AndroidManifest.xml:7:5-68
	android:name
		ADDED from src\main\AndroidManifest.xml:55:22-65
uses-permission#android.permission.VIBRATE
ADDED from src\main\AndroidManifest.xml:56:5-66
	android:name
		ADDED from src\main\AndroidManifest.xml:56:22-63
uses-permission#android.permission.WRITE_MEDIA_STORAGE
ADDED from src\main\AndroidManifest.xml:58:5-78
	android:name
		ADDED from src\main\AndroidManifest.xml:58:22-75
uses-feature#android.hardware.camera
ADDED from src\main\AndroidManifest.xml:60:5-60
	android:name
		ADDED from src\main\AndroidManifest.xml:60:19-57
uses-feature#android.hardware.camera.autofocus
ADDED from src\main\AndroidManifest.xml:61:5-70
	android:name
		ADDED from src\main\AndroidManifest.xml:61:19-67
application
ADDED from src\main\AndroidManifest.xml:63:5-609:19
MERGED from [src-app:initActivity:unspecified] AndroidManifest.xml:11:5-18:19
MERGED from [src-app:ripplelayoutmaster:unspecified] AndroidManifest.xml:11:5-15:19
MERGED from [com.actionbarsherlock:actionbarsherlock:4.4.0] AndroidManifest.xml:4:3-17
MERGED from [src-app:pullToRefreshLibrary:unspecified] AndroidManifest.xml:11:5-16:19
MERGED from [src-app:viewbguilib:unspecified] AndroidManifest.xml:11:5-15:19
	android:screenOrientation
		ADDED from src\main\AndroidManifest.xml:68:9-43
	android:label
		ADDED from src\main\AndroidManifest.xml:67:9-41
	android:supportsRtl
		ADDED from [src-app:viewbguilib:unspecified] AndroidManifest.xml:14:9-35
	android:configChanges
		ADDED from src\main\AndroidManifest.xml:65:9-109
	android:icon
		ADDED from src\main\AndroidManifest.xml:66:9-42
		REJECTED from [src-app:ripplelayoutmaster:unspecified] AndroidManifest.xml:13:9-45
		REJECTED from [src-app:pullToRefreshLibrary:unspecified] AndroidManifest.xml:13:9-45
	android:allowBackup
		ADDED from [src-app:ripplelayoutmaster:unspecified] AndroidManifest.xml:12:9-35
	android:theme
		ADDED from [src-app:pullToRefreshLibrary:unspecified] AndroidManifest.xml:15:9-40
	tools:replace
		ADDED from src\main\AndroidManifest.xml:69:9-50
	android:name
		ADDED from src\main\AndroidManifest.xml:64:9-54
activity#com.my51c.see51.app.LoginActivity
ADDED from src\main\AndroidManifest.xml:71:9-77:78
	android:label
		ADDED from src\main\AndroidManifest.xml:74:13-45
	android:launchMode
		ADDED from src\main\AndroidManifest.xml:75:13-42
	android:windowSoftInputMode
		ADDED from src\main\AndroidManifest.xml:76:13-64
	android:configChanges
		ADDED from src\main\AndroidManifest.xml:73:13-113
	android:theme
		ADDED from src\main\AndroidManifest.xml:77:13-66
	android:name
		ADDED from src\main\AndroidManifest.xml:72:13-61
activity#io.vov.vitamio.activity.InitActivity
ADDED from src\main\AndroidManifest.xml:78:9-84:45
MERGED from [src-app:initActivity:unspecified] AndroidManifest.xml:12:9-17:63
	android:launchMode
		ADDED from src\main\AndroidManifest.xml:81:13-43
	android:windowSoftInputMode
		ADDED from src\main\AndroidManifest.xml:83:13-60
	android:configChanges
		ADDED from src\main\AndroidManifest.xml:80:13-113
	android:theme
		ADDED from src\main\AndroidManifest.xml:82:13-71
		REJECTED from [src-app:initActivity:unspecified] AndroidManifest.xml:16:13-60
	tools:replace
		ADDED from src\main\AndroidManifest.xml:84:13-42
	android:name
		ADDED from src\main\AndroidManifest.xml:79:13-64
activity#com.my51c.see51.ui.MainActivity
ADDED from src\main\AndroidManifest.xml:86:9-98:20
	android:label
		ADDED from src\main\AndroidManifest.xml:89:13-45
	android:launchMode
		ADDED from src\main\AndroidManifest.xml:90:13-42
	android:configChanges
		ADDED from src\main\AndroidManifest.xml:88:13-113
	android:theme
		ADDED from src\main\AndroidManifest.xml:91:13-66
	android:name
		ADDED from src\main\AndroidManifest.xml:87:13-59
activity#com.my51c.see51.BaseActivity
ADDED from src\main\AndroidManifest.xml:99:9-102:78
	android:configChanges
		ADDED from src\main\AndroidManifest.xml:101:13-113
	android:theme
		ADDED from src\main\AndroidManifest.xml:102:13-66
	android:name
		ADDED from src\main\AndroidManifest.xml:100:13-56
activity#com.my51c.see51.ui.PlayerActivity
ADDED from src\main\AndroidManifest.xml:104:9-110:77
	android:launchMode
		ADDED from src\main\AndroidManifest.xml:107:13-42
	android:windowSoftInputMode
		ADDED from src\main\AndroidManifest.xml:110:13-65
	android:permission
		ADDED from src\main\AndroidManifest.xml:108:13-75
	android:configChanges
		ADDED from src\main\AndroidManifest.xml:106:13-113
	android:theme
		ADDED from src\main\AndroidManifest.xml:109:13-66
	android:name
		ADDED from src\main\AndroidManifest.xml:105:13-61
activity#com.my51c.see51.ui.FourPlayerActivity
ADDED from src\main\AndroidManifest.xml:111:9-117:81
	android:launchMode
		ADDED from src\main\AndroidManifest.xml:114:13-42
	android:windowSoftInputMode
		ADDED from src\main\AndroidManifest.xml:117:13-69
	android:permission
		ADDED from src\main\AndroidManifest.xml:115:13-75
	android:configChanges
		ADDED from src\main\AndroidManifest.xml:113:13-113
	android:theme
		ADDED from src\main\AndroidManifest.xml:116:13-66
	android:name
		ADDED from src\main\AndroidManifest.xml:112:13-65
activity#com.my51c.see51.guide.GuidSmartId
ADDED from src\main\AndroidManifest.xml:118:9-122:78
	android:launchMode
		ADDED from src\main\AndroidManifest.xml:121:13-44
	android:configChanges
		ADDED from src\main\AndroidManifest.xml:120:13-113
	android:theme
		ADDED from src\main\AndroidManifest.xml:122:13-66
	android:name
		ADDED from src\main\AndroidManifest.xml:119:13-61
activity#com.my51c.see51.guide.GuidAddByWifi
ADDED from src\main\AndroidManifest.xml:123:9-126:78
	android:configChanges
		ADDED from src\main\AndroidManifest.xml:125:13-113
	android:theme
		ADDED from src\main\AndroidManifest.xml:126:13-66
	android:name
		ADDED from src\main\AndroidManifest.xml:124:13-63
activity#com.my51c.see51.ui.LocalSettingActivity
ADDED from src\main\AndroidManifest.xml:127:9-131:78
	android:launchMode
		ADDED from src\main\AndroidManifest.xml:130:13-42
	android:configChanges
		ADDED from src\main\AndroidManifest.xml:129:13-113
	android:theme
		ADDED from src\main\AndroidManifest.xml:131:13-66
	android:name
		ADDED from src\main\AndroidManifest.xml:128:13-67
activity#com.my51c.see51.ui.ActionAlarmActivity
ADDED from src\main\AndroidManifest.xml:132:9-136:78
	android:launchMode
		ADDED from src\main\AndroidManifest.xml:135:13-44
	android:configChanges
		ADDED from src\main\AndroidManifest.xml:134:13-113
	android:theme
		ADDED from src\main\AndroidManifest.xml:136:13-66
	android:name
		ADDED from src\main\AndroidManifest.xml:133:13-66
activity#com.my51c.see51.guide.Guide
ADDED from src\main\AndroidManifest.xml:139:9-142:56
	android:launchMode
		ADDED from src\main\AndroidManifest.xml:142:13-44
	android:configChanges
		ADDED from src\main\AndroidManifest.xml:141:13-113
	android:name
		ADDED from src\main\AndroidManifest.xml:140:13-55
activity#com.my51c.see51.guide.Login
ADDED from src\main\AndroidManifest.xml:143:9-146:56
	android:launchMode
		ADDED from src\main\AndroidManifest.xml:146:13-44
	android:configChanges
		ADDED from src\main\AndroidManifest.xml:145:13-113
	android:name
		ADDED from src\main\AndroidManifest.xml:144:13-55
activity#com.my51c.see51.guide.PlatformActivity
ADDED from src\main\AndroidManifest.xml:147:9-151:78
	android:launchMode
		ADDED from src\main\AndroidManifest.xml:150:13-44
	android:configChanges
		ADDED from src\main\AndroidManifest.xml:149:13-113
	android:theme
		ADDED from src\main\AndroidManifest.xml:151:13-66
	android:name
		ADDED from src\main\AndroidManifest.xml:148:13-66
activity#com.my51c.see51.guide.DeviceIdActivity
ADDED from src\main\AndroidManifest.xml:152:9-157:72
	android:launchMode
		ADDED from src\main\AndroidManifest.xml:155:13-44
	android:windowSoftInputMode
		ADDED from src\main\AndroidManifest.xml:157:13-60
	android:configChanges
		ADDED from src\main\AndroidManifest.xml:154:13-113
	android:theme
		ADDED from src\main\AndroidManifest.xml:156:13-66
	android:name
		ADDED from src\main\AndroidManifest.xml:153:13-66
activity#com.my51c.see51.guide.GuideSetActivity
ADDED from src\main\AndroidManifest.xml:158:9-163:72
	android:launchMode
		ADDED from src\main\AndroidManifest.xml:161:13-44
	android:windowSoftInputMode
		ADDED from src\main\AndroidManifest.xml:163:13-60
	android:configChanges
		ADDED from src\main\AndroidManifest.xml:160:13-113
	android:theme
		ADDED from src\main\AndroidManifest.xml:162:13-66
	android:name
		ADDED from src\main\AndroidManifest.xml:159:13-66
activity#com.my51c.see51.guide.DimensionActivity
ADDED from src\main\AndroidManifest.xml:164:9-169:72
	android:launchMode
		ADDED from src\main\AndroidManifest.xml:167:13-44
	android:windowSoftInputMode
		ADDED from src\main\AndroidManifest.xml:169:13-60
	android:configChanges
		ADDED from src\main\AndroidManifest.xml:166:13-113
	android:name
		ADDED from src\main\AndroidManifest.xml:165:13-67
activity#com.my51c.see51.ui.DeviceInfoActivity
ADDED from src\main\AndroidManifest.xml:170:9-173:78
	android:configChanges
		ADDED from src\main\AndroidManifest.xml:172:13-113
	android:theme
		ADDED from src\main\AndroidManifest.xml:173:13-66
	android:name
		ADDED from src\main\AndroidManifest.xml:171:13-65
activity#com.my51c.see51.ui.RFDeviceInfoActivity
ADDED from src\main\AndroidManifest.xml:174:9-177:78
	android:configChanges
		ADDED from src\main\AndroidManifest.xml:176:13-113
	android:theme
		ADDED from src\main\AndroidManifest.xml:177:13-66
	android:name
		ADDED from src\main\AndroidManifest.xml:175:13-67
activity#com.my51c.see51.guide.GuidePrepareActivity
ADDED from src\main\AndroidManifest.xml:179:9-182:78
	android:configChanges
		ADDED from src\main\AndroidManifest.xml:181:13-113
	android:theme
		ADDED from src\main\AndroidManifest.xml:182:13-66
	android:name
		ADDED from src\main\AndroidManifest.xml:180:13-70
activity#com.my51c.see51.guide.CustWifiDialog
ADDED from src\main\AndroidManifest.xml:183:9-186:63
	android:configChanges
		ADDED from src\main\AndroidManifest.xml:185:13-113
	android:theme
		ADDED from src\main\AndroidManifest.xml:186:13-51
	android:name
		ADDED from src\main\AndroidManifest.xml:184:13-64
activity#com.my51c.see51.guide.GuideSmartWifi
ADDED from src\main\AndroidManifest.xml:187:9-190:78
	android:configChanges
		ADDED from src\main\AndroidManifest.xml:189:13-113
	android:theme
		ADDED from src\main\AndroidManifest.xml:190:13-66
	android:name
		ADDED from src\main\AndroidManifest.xml:188:13-64
activity#com.my51c.see51.guide.GuideSmartSound
ADDED from src\main\AndroidManifest.xml:191:9-194:78
	android:configChanges
		ADDED from src\main\AndroidManifest.xml:193:13-113
	android:theme
		ADDED from src\main\AndroidManifest.xml:194:13-66
	android:name
		ADDED from src\main\AndroidManifest.xml:192:13-65
activity#com.my51c.see51.ui.SDRecordFolderActivity
ADDED from src\main\AndroidManifest.xml:195:9-198:78
	android:configChanges
		ADDED from src\main\AndroidManifest.xml:197:13-113
	android:theme
		ADDED from src\main\AndroidManifest.xml:198:13-66
	android:name
		ADDED from src\main\AndroidManifest.xml:196:13-69
activity#com.my51c.see51.ui.SDRecordFileActivity
ADDED from src\main\AndroidManifest.xml:199:9-202:78
	android:configChanges
		ADDED from src\main\AndroidManifest.xml:201:13-113
	android:theme
		ADDED from src\main\AndroidManifest.xml:202:13-66
	android:name
		ADDED from src\main\AndroidManifest.xml:200:13-67
activity#com.my51c.see51.ui.SDCalendarActivity
ADDED from src\main\AndroidManifest.xml:203:9-206:78
	android:configChanges
		ADDED from src\main\AndroidManifest.xml:205:13-113
	android:theme
		ADDED from src\main\AndroidManifest.xml:206:13-66
	android:name
		ADDED from src\main\AndroidManifest.xml:204:13-65
activity#com.my51c.see51.ui.CloudRecordActivity
ADDED from src\main\AndroidManifest.xml:207:9-210:78
	android:configChanges
		ADDED from src\main\AndroidManifest.xml:209:13-113
	android:theme
		ADDED from src\main\AndroidManifest.xml:210:13-66
	android:name
		ADDED from src\main\AndroidManifest.xml:208:13-66
activity#com.my51c.see51.ui.RfDeviceAddActivity
ADDED from src\main\AndroidManifest.xml:211:9-215:78
	android:launchMode
		ADDED from src\main\AndroidManifest.xml:214:13-44
	android:configChanges
		ADDED from src\main\AndroidManifest.xml:213:13-113
	android:theme
		ADDED from src\main\AndroidManifest.xml:215:13-66
	android:name
		ADDED from src\main\AndroidManifest.xml:212:13-66
activity#com.my51c.see51.ui.AboutActivity
ADDED from src\main\AndroidManifest.xml:216:9-220:78
	android:launchMode
		ADDED from src\main\AndroidManifest.xml:219:13-44
	android:configChanges
		ADDED from src\main\AndroidManifest.xml:218:13-113
	android:theme
		ADDED from src\main\AndroidManifest.xml:220:13-66
	android:name
		ADDED from src\main\AndroidManifest.xml:217:13-60
activity#com.my51c.see51.ui.BLPDetailActivity
ADDED from src\main\AndroidManifest.xml:221:9-224:78
	android:configChanges
		ADDED from src\main\AndroidManifest.xml:223:13-113
	android:theme
		ADDED from src\main\AndroidManifest.xml:224:13-66
	android:name
		ADDED from src\main\AndroidManifest.xml:222:13-64
PreferenceScreen
ADDED from src\main\AndroidManifest.xml:226:9-235:28
	android:title
		ADDED from src\main\AndroidManifest.xml:229:13-57
	android:configChanges
		ADDED from src\main\AndroidManifest.xml:227:13-113
	android:summary
		ADDED from src\main\AndroidManifest.xml:228:13-61
intent
ADDED from src\main\AndroidManifest.xml:230:13-234:64
	android:action
		ADDED from src\main\AndroidManifest.xml:231:17-60
	android:targetClass
		ADDED from src\main\AndroidManifest.xml:233:17-76
	android:configChanges
		ADDED from src\main\AndroidManifest.xml:232:17-117
	android:targetPackage
		ADDED from src\main\AndroidManifest.xml:234:17-61
activity#org.achartengine.GraphicalActivity
ADDED from src\main\AndroidManifest.xml:237:9-239:116
	android:configChanges
		ADDED from src\main\AndroidManifest.xml:239:13-113
	android:name
		ADDED from src\main\AndroidManifest.xml:238:13-62
activity#com.my51c.see51.ui.LocalFileAcy
ADDED from src\main\AndroidManifest.xml:241:9-244:78
	android:configChanges
		ADDED from src\main\AndroidManifest.xml:243:13-113
	android:theme
		ADDED from src\main\AndroidManifest.xml:244:13-66
	android:name
		ADDED from src\main\AndroidManifest.xml:242:13-59
activity#com.my51c.see51.ui.LocalPicVideoAcy
ADDED from src\main\AndroidManifest.xml:245:9-248:78
	android:configChanges
		ADDED from src\main\AndroidManifest.xml:247:13-113
	android:theme
		ADDED from src\main\AndroidManifest.xml:248:13-66
	android:name
		ADDED from src\main\AndroidManifest.xml:246:13-63
activity#com.my51c.see51.ui.LocalDevListAcy
ADDED from src\main\AndroidManifest.xml:249:9-252:78
	android:configChanges
		ADDED from src\main\AndroidManifest.xml:251:13-113
	android:theme
		ADDED from src\main\AndroidManifest.xml:252:13-66
	android:name
		ADDED from src\main\AndroidManifest.xml:250:13-62
activity#com.my51c.see51.ui.GeneralInfoAcy
ADDED from src\main\AndroidManifest.xml:253:9-256:78
	android:configChanges
		ADDED from src\main\AndroidManifest.xml:255:13-113
	android:theme
		ADDED from src\main\AndroidManifest.xml:256:13-66
	android:name
		ADDED from src\main\AndroidManifest.xml:254:13-61
activity#com.my51c.see51.ui.WiredSettingAcy
ADDED from src\main\AndroidManifest.xml:257:9-260:78
	android:configChanges
		ADDED from src\main\AndroidManifest.xml:259:13-113
	android:theme
		ADDED from src\main\AndroidManifest.xml:260:13-66
	android:name
		ADDED from src\main\AndroidManifest.xml:258:13-62
activity#com.my51c.see51.ui.WirelessSettingAcy
ADDED from src\main\AndroidManifest.xml:261:9-263:78
	android:theme
		ADDED from src\main\AndroidManifest.xml:263:13-66
	android:name
		ADDED from src\main\AndroidManifest.xml:262:13-65
activity#com.my51c.see51.ui.Net3GSettingAcy
ADDED from src\main\AndroidManifest.xml:264:9-267:78
	android:configChanges
		ADDED from src\main\AndroidManifest.xml:266:13-113
	android:theme
		ADDED from src\main\AndroidManifest.xml:267:13-66
	android:name
		ADDED from src\main\AndroidManifest.xml:265:13-62
activity#com.my51c.see51.ui.AVSettingAcy
ADDED from src\main\AndroidManifest.xml:268:9-271:78
	android:configChanges
		ADDED from src\main\AndroidManifest.xml:270:13-113
	android:theme
		ADDED from src\main\AndroidManifest.xml:271:13-66
	android:name
		ADDED from src\main\AndroidManifest.xml:269:13-59
activity#com.my51c.see51.ui.AlarmCloudRecordAcy
ADDED from src\main\AndroidManifest.xml:272:9-275:78
	android:configChanges
		ADDED from src\main\AndroidManifest.xml:274:13-113
	android:theme
		ADDED from src\main\AndroidManifest.xml:275:13-66
	android:name
		ADDED from src\main\AndroidManifest.xml:273:13-66
activity#com.my51c.see51.ui.PlayAcy
ADDED from src\main\AndroidManifest.xml:276:9-279:89
	android:configChanges
		ADDED from src\main\AndroidManifest.xml:278:13-113
	android:theme
		ADDED from src\main\AndroidManifest.xml:279:13-77
	android:name
		ADDED from src\main\AndroidManifest.xml:277:13-54
service#com.baidu.location.f
ADDED from src\main\AndroidManifest.xml:281:9-284:49
	android:enabled
		ADDED from src\main\AndroidManifest.xml:283:13-35
	android:process
		ADDED from src\main\AndroidManifest.xml:284:13-38
	android:name
		ADDED from src\main\AndroidManifest.xml:282:13-48
meta-data#com.baidu.lbsapi.API_KEY
ADDED from src\main\AndroidManifest.xml:286:9-289:64
	android:value
		ADDED from src\main\AndroidManifest.xml:289:13-61
	android:name
		ADDED from src\main\AndroidManifest.xml:287:13-52
activity#com.my51c.see51.map.CameraLocation
ADDED from src\main\AndroidManifest.xml:291:9-294:78
	android:configChanges
		ADDED from src\main\AndroidManifest.xml:293:13-113
	android:theme
		ADDED from src\main\AndroidManifest.xml:294:13-66
	android:name
		ADDED from src\main\AndroidManifest.xml:292:13-62
activity#com.my51c.see51.ui.SDRecordNVRActivity
ADDED from src\main\AndroidManifest.xml:296:9-299:78
	android:configChanges
		ADDED from src\main\AndroidManifest.xml:298:13-113
	android:theme
		ADDED from src\main\AndroidManifest.xml:299:13-66
	android:name
		ADDED from src\main\AndroidManifest.xml:297:13-66
activity#com.my51c.see51.ui.PlanOfRecordActivity
ADDED from src\main\AndroidManifest.xml:302:9-305:78
	android:configChanges
		ADDED from src\main\AndroidManifest.xml:304:13-113
	android:theme
		ADDED from src\main\AndroidManifest.xml:305:13-66
	android:name
		ADDED from src\main\AndroidManifest.xml:303:13-67
activity#com.my51c.see51.ui.NewPlanOfRecordActivity
ADDED from src\main\AndroidManifest.xml:306:9-309:78
	android:configChanges
		ADDED from src\main\AndroidManifest.xml:308:13-113
	android:theme
		ADDED from src\main\AndroidManifest.xml:309:13-66
	android:name
		ADDED from src\main\AndroidManifest.xml:307:13-70
activity#com.my51c.see51.app.HomeActivity
ADDED from src\main\AndroidManifest.xml:316:9-318:78
	android:theme
		ADDED from src\main\AndroidManifest.xml:318:13-66
	android:name
		ADDED from src\main\AndroidManifest.xml:317:13-60
activity#com.my51c.see51.app.NetSetActivity
ADDED from src\main\AndroidManifest.xml:319:9-323:76
	android:windowSoftInputMode
		ADDED from src\main\AndroidManifest.xml:323:13-64
	android:configChanges
		ADDED from src\main\AndroidManifest.xml:321:13-113
	android:theme
		ADDED from src\main\AndroidManifest.xml:322:13-66
	android:name
		ADDED from src\main\AndroidManifest.xml:320:13-62
activity#com.my51c.see51.app.OneKeyStarActivity
ADDED from src\main\AndroidManifest.xml:324:9-328:76
	android:windowSoftInputMode
		ADDED from src\main\AndroidManifest.xml:328:13-64
	android:configChanges
		ADDED from src\main\AndroidManifest.xml:326:13-113
	android:theme
		ADDED from src\main\AndroidManifest.xml:327:13-66
	android:name
		ADDED from src\main\AndroidManifest.xml:325:13-66
activity#com.my51c.see51.app.VODActivity
ADDED from src\main\AndroidManifest.xml:329:9-332:78
	android:configChanges
		ADDED from src\main\AndroidManifest.xml:331:13-113
	android:theme
		ADDED from src\main\AndroidManifest.xml:332:13-66
	android:name
		ADDED from src\main\AndroidManifest.xml:330:13-59
activity#com.my51c.see51.app.SplashActivity
ADDED from src\main\AndroidManifest.xml:333:9-342:20
	android:label
		ADDED from src\main\AndroidManifest.xml:336:13-45
	android:configChanges
		ADDED from src\main\AndroidManifest.xml:335:13-113
	android:theme
		ADDED from src\main\AndroidManifest.xml:337:13-66
	android:name
		ADDED from src\main\AndroidManifest.xml:334:13-62
intent-filter#android.intent.action.MAIN+android.intent.category.LAUNCHER
ADDED from src\main\AndroidManifest.xml:338:13-341:29
action#android.intent.action.MAIN
ADDED from src\main\AndroidManifest.xml:339:17-69
	android:name
		ADDED from src\main\AndroidManifest.xml:339:25-66
category#android.intent.category.LAUNCHER
ADDED from src\main\AndroidManifest.xml:340:17-77
	android:name
		ADDED from src\main\AndroidManifest.xml:340:27-74
activity#com.my51c.see51.app.WelcomeActivity
ADDED from src\main\AndroidManifest.xml:343:9-346:78
	android:label
		ADDED from src\main\AndroidManifest.xml:345:13-45
	android:theme
		ADDED from src\main\AndroidManifest.xml:346:13-66
	android:name
		ADDED from src\main\AndroidManifest.xml:344:13-63
activity#com.my51c.see51.app.GaoJiAccountActivity
ADDED from src\main\AndroidManifest.xml:348:9-352:78
	android:label
		ADDED from src\main\AndroidManifest.xml:351:13-45
	android:configChanges
		ADDED from src\main\AndroidManifest.xml:350:13-113
	android:theme
		ADDED from src\main\AndroidManifest.xml:352:13-66
	android:name
		ADDED from src\main\AndroidManifest.xml:349:13-68
activity#com.my51c.see51.app.ForgetPasswordActivity
ADDED from src\main\AndroidManifest.xml:353:9-357:78
	android:label
		ADDED from src\main\AndroidManifest.xml:356:13-45
	android:configChanges
		ADDED from src\main\AndroidManifest.xml:355:13-113
	android:theme
		ADDED from src\main\AndroidManifest.xml:357:13-66
	android:name
		ADDED from src\main\AndroidManifest.xml:354:13-70
activity#com.my51c.see51.app.activity.PassActivity
ADDED from src\main\AndroidManifest.xml:359:9-362:78
	android:configChanges
		ADDED from src\main\AndroidManifest.xml:361:13-113
	android:theme
		ADDED from src\main\AndroidManifest.xml:362:13-66
	android:name
		ADDED from src\main\AndroidManifest.xml:360:13-69
activity#com.my51c.see51.app.activity.AcContactsDetails
ADDED from src\main\AndroidManifest.xml:364:9-367:78
	android:configChanges
		ADDED from src\main\AndroidManifest.xml:366:13-113
	android:theme
		ADDED from src\main\AndroidManifest.xml:367:13-66
	android:name
		ADDED from src\main\AndroidManifest.xml:365:13-74
activity#com.my51c.see51.app.CallPersonActivity
ADDED from src\main\AndroidManifest.xml:368:9-371:78
	android:configChanges
		ADDED from src\main\AndroidManifest.xml:370:13-113
	android:theme
		ADDED from src\main\AndroidManifest.xml:371:13-66
	android:name